<?xml version="1.0" encoding="UTF-8"?>
<!-- Generated by org.testng.reporters.JUnitXMLReporter -->
<testsuite hostname="SaiKrishna" ignored="0" name="Command line test" tests="4" failures="0" timestamp="2020-07-08T13:15:03 IST" time="4.213" errors="0">
  <testcase name="deleteRequest" time="2.388" classname="com.wipro.DeleteRequestTest"/>
  <testcase name="getRequest" time="0.411" classname="com.wipro.GetRequestTest"/>
  <testcase name="postRequest" time="0.637" classname="com.wipro.PostRequestTest"/>
  <testcase name="putRequest" time="0.426" classname="com.wipro.PutRequestTest"/>
</testsuite> <!-- Command line test -->
