<?xml version="1.0" encoding="UTF-8" ?>
<testsuite tests="4" failures="0" name="TestSuite" time="3.872" errors="0" skipped="0">
  <properties>
[...]
</properties>
  <testcase classname="com.wipro.DeleteRequestTest" name="deleteRequest" time="2.398"/>
  <testcase classname="com.wipro.GetRequestTest" name="getRequest" time="0.41"/>
  <testcase classname="com.wipro.PostRequestTest" name="postRequest" time="0.638"/>
  <testcase classname="com.wipro.PutRequestTest" name="putRequest" time="0.426"/>
</testsuite>